GpuFreq=control_disabled
[I 2024-11-03 15:21:25,284] A new study created in memory with name: no-name-9a8c9174-cb28-43dc-b1d9-e4f898aa3cef
GPU available: True (cuda), used: True
TPU available: False, using: 0 TPU cores
HPU available: False, using: 0 HPUs
LOCAL_RANK: 0 - CUDA_VISIBLE_DEVICES: [0]
SLURM auto-requeueing enabled. Setting signal handlers.
Metric train_loss improved. New best score: 0.248
`Trainer.fit` stopped: `max_epochs=1` reached.
GPU available: True (cuda), used: True
TPU available: False, using: 0 TPU cores
HPU available: False, using: 0 HPUs
LOCAL_RANK: 0 - CUDA_VISIBLE_DEVICES: [0]
SLURM auto-requeueing enabled. Setting signal handlers.
[I 2024-11-03 15:21:49,939] Trial 0 finished with value: 0.31418946385383606 and parameters: {'hidden_dim': 331, 'n_layers': 2, 'dropout': 0.43310578113412207, 'input_chunk_length': 37, 'learning_rate': 0.0011602734753069707, 'batch_size': 32}. Best is trial 0 with value: 0.31418946385383606.
GPU available: True (cuda), used: True
TPU available: False, using: 0 TPU cores
HPU available: False, using: 0 HPUs
LOCAL_RANK: 0 - CUDA_VISIBLE_DEVICES: [0]

   | Name                              | Type                             | Params | Mode 
------------------------------------------------------------------------------------------------
0  | train_metrics                     | MetricCollection                 | 0      | train
1  | val_metrics                       | MetricCollection                 | 0      | train
2  | input_embeddings                  | _MultiEmbedding                  | 0      | train
3  | static_covariates_vsn             | _VariableSelectionNetwork        | 0      | train
4  | encoder_vsn                       | _VariableSelectionNetwork        | 175 K  | train
5  | decoder_vsn                       | _VariableSelectionNetwork        | 166 K  | train
6  | static_context_grn                | _GatedResidualNetwork            | 440 K  | train
7  | static_context_hidden_encoder_grn | _GatedResidualNetwork            | 440 K  | train
8  | static_context_cell_encoder_grn   | _GatedResidualNetwork            | 440 K  | train
9  | static_context_enrichment         | _GatedResidualNetwork            | 440 K  | train
10 | lstm_encoder                      | LSTM                             | 1.8 M  | train
11 | lstm_decoder                      | LSTM                             | 1.8 M  | train
12 | post_lstm_gan                     | _GateAddNorm                     | 220 K  | train
13 | static_enrichment_grn             | _GatedResidualNetwork            | 549 K  | train
14 | multihead_attn                    | _InterpretableMultiHeadAttention | 272 K  | train
15 | post_attn_gan                     | _GateAddNorm                     | 220 K  | train
16 | feed_forward_block                | _GatedResidualNetwork            | 440 K  | train
17 | pre_output_gan                    | _GateAddNorm                     | 220 K  | train
18 | output_layer                      | Linear                           | 5.6 K  | train
------------------------------------------------------------------------------------------------
7.5 M     Trainable params
0         Non-trainable params
7.5 M     Total params
30.193    Total estimated model params size (MB)
738       Modules in train mode
0         Modules in eval mode
SLURM auto-requeueing enabled. Setting signal handlers.
`Trainer.fit` stopped: `max_epochs=1` reached.
GPU available: True (cuda), used: True
TPU available: False, using: 0 TPU cores
HPU available: False, using: 0 HPUs
LOCAL_RANK: 0 - CUDA_VISIBLE_DEVICES: [0]
SLURM auto-requeueing enabled. Setting signal handlers.
