[I 2024-11-03 15:12:25,025] A new study created in memory with name: no-name-bce7a3f4-d91e-4a28-9487-654ab236a68f
GPU available: False, used: False
TPU available: False, using: 0 TPU cores
HPU available: False, using: 0 HPUs
SLURM auto-requeueing enabled. Setting signal handlers.
Metric train_loss improved. New best score: 0.270
Metric train_loss improved by 0.035 >= min_delta = 0.0. New best score: 0.235
Metric train_loss improved by 0.036 >= min_delta = 0.0. New best score: 0.199
Metric train_loss improved by 0.018 >= min_delta = 0.0. New best score: 0.182
Metric train_loss improved by 0.056 >= min_delta = 0.0. New best score: 0.126
Metric train_loss improved by 0.031 >= min_delta = 0.0. New best score: 0.095
Metric train_loss improved by 0.006 >= min_delta = 0.0. New best score: 0.089
Metric train_loss improved by 0.016 >= min_delta = 0.0. New best score: 0.073
Metric train_loss improved by 0.005 >= min_delta = 0.0. New best score: 0.067
Metric train_loss improved by 0.010 >= min_delta = 0.0. New best score: 0.058
Metric train_loss improved by 0.001 >= min_delta = 0.0. New best score: 0.057
Metric train_loss improved by 0.005 >= min_delta = 0.0. New best score: 0.052
Metric train_loss improved by 0.001 >= min_delta = 0.0. New best score: 0.051
Metric train_loss improved by 0.006 >= min_delta = 0.0. New best score: 0.046
srun: Job step aborted: Waiting up to 32 seconds for job step to finish.
slurmstepd: error: *** JOB 24600634 ON uc2n428 CANCELLED AT 2024-11-03T15:36:56 ***
slurmstepd: error: *** STEP 24600634.0 ON uc2n428 CANCELLED AT 2024-11-03T15:36:56 ***
