[I 2024-10-23 11:43:42,952] A new study created in memory with name: no-name-cc324346-d3e6-4dc3-b648-a6eeaef5aa00
GPU available: False, used: False
TPU available: False, using: 0 TPU cores
HPU available: False, using: 0 HPUs
SLURM auto-requeueing enabled. Setting signal handlers.
Metric train_loss improved. New best score: 0.362
Metric train_loss improved by 0.131 >= min_delta = 0.0. New best score: 0.231
Metric train_loss improved by 0.087 >= min_delta = 0.0. New best score: 0.144
Metric train_loss improved by 0.007 >= min_delta = 0.0. New best score: 0.137
Metric train_loss improved by 0.019 >= min_delta = 0.0. New best score: 0.118
Metric train_loss improved by 0.028 >= min_delta = 0.0. New best score: 0.089
Metric train_loss improved by 0.008 >= min_delta = 0.0. New best score: 0.082
Metric train_loss improved by 0.002 >= min_delta = 0.0. New best score: 0.080
Metric train_loss improved by 0.021 >= min_delta = 0.0. New best score: 0.058
Metric train_loss improved by 0.009 >= min_delta = 0.0. New best score: 0.049
Metric train_loss improved by 0.001 >= min_delta = 0.0. New best score: 0.048
Metric train_loss improved by 0.004 >= min_delta = 0.0. New best score: 0.044
`Trainer.fit` stopped: `max_epochs=52` reached.
GPU available: False, used: False
TPU available: False, using: 0 TPU cores
HPU available: False, using: 0 HPUs
SLURM auto-requeueing enabled. Setting signal handlers.
[I 2024-10-23 12:58:30,696] Trial 0 finished with value: 0.07890345901250839 and parameters: {'hidden_dim': 153, 'n_layers': 3, 'dropout': 0.10729823596092608, 'input_chunk_length': 74, 'learning_rate': 0.0004236640699288738, 'batch_size': 64}. Best is trial 0 with value: 0.07890345901250839.
GPU available: False, used: False
TPU available: False, using: 0 TPU cores
HPU available: False, using: 0 HPUs
SLURM auto-requeueing enabled. Setting signal handlers.
Monitored metric train_loss did not improve in the last 60 records. Best score: 0.044. Signaling Trainer to stop.
GPU available: False, used: False
TPU available: False, using: 0 TPU cores
HPU available: False, using: 0 HPUs
SLURM auto-requeueing enabled. Setting signal handlers.
[I 2024-10-23 14:19:56,266] Trial 1 finished with value: 0.06816989183425903 and parameters: {'hidden_dim': 197, 'n_layers': 1, 'dropout': 0.04826404046524735, 'input_chunk_length': 74, 'learning_rate': 0.0004322487723373895, 'batch_size': 64}. Best is trial 1 with value: 0.06816989183425903.
GPU available: False, used: False
TPU available: False, using: 0 TPU cores
HPU available: False, using: 0 HPUs
SLURM auto-requeueing enabled. Setting signal handlers.
Monitored metric train_loss did not improve in the last 61 records. Best score: 0.044. Signaling Trainer to stop.
GPU available: False, used: False
TPU available: False, using: 0 TPU cores
HPU available: False, using: 0 HPUs
SLURM auto-requeueing enabled. Setting signal handlers.
[I 2024-10-23 14:21:13,516] Trial 2 finished with value: 0.3205556869506836 and parameters: {'hidden_dim': 195, 'n_layers': 4, 'dropout': 0.4483202976741884, 'input_chunk_length': 27, 'learning_rate': 0.00020197567646874028, 'batch_size': 64}. Best is trial 1 with value: 0.06816989183425903.
GPU available: False, used: False
TPU available: False, using: 0 TPU cores
HPU available: False, using: 0 HPUs
SLURM auto-requeueing enabled. Setting signal handlers.
Monitored metric train_loss did not improve in the last 62 records. Best score: 0.044. Signaling Trainer to stop.
GPU available: False, used: False
TPU available: False, using: 0 TPU cores
HPU available: False, using: 0 HPUs
SLURM auto-requeueing enabled. Setting signal handlers.
[I 2024-10-23 14:23:48,172] Trial 3 finished with value: 0.33168908953666687 and parameters: {'hidden_dim': 197, 'n_layers': 5, 'dropout': 0.019810875103790482, 'input_chunk_length': 80, 'learning_rate': 3.696420773029231e-05, 'batch_size': 64}. Best is trial 1 with value: 0.06816989183425903.
GPU available: False, used: False
TPU available: False, using: 0 TPU cores
HPU available: False, using: 0 HPUs
SLURM auto-requeueing enabled. Setting signal handlers.
Monitored metric train_loss did not improve in the last 63 records. Best score: 0.044. Signaling Trainer to stop.
GPU available: False, used: False
TPU available: False, using: 0 TPU cores
HPU available: False, using: 0 HPUs
SLURM auto-requeueing enabled. Setting signal handlers.
[I 2024-10-23 14:24:58,599] Trial 4 finished with value: 0.368703156709671 and parameters: {'hidden_dim': 128, 'n_layers': 5, 'dropout': 0.10996613307054964, 'input_chunk_length': 57, 'learning_rate': 1.1627925806583733e-05, 'batch_size': 64}. Best is trial 1 with value: 0.06816989183425903.
GPU available: False, used: False
TPU available: False, using: 0 TPU cores
HPU available: False, using: 0 HPUs
SLURM auto-requeueing enabled. Setting signal handlers.
Monitored metric train_loss did not improve in the last 64 records. Best score: 0.044. Signaling Trainer to stop.
GPU available: False, used: False
TPU available: False, using: 0 TPU cores
HPU available: False, using: 0 HPUs
SLURM auto-requeueing enabled. Setting signal handlers.
[I 2024-10-23 14:25:51,956] Trial 5 finished with value: 0.2955975830554962 and parameters: {'hidden_dim': 113, 'n_layers': 3, 'dropout': 0.1724815595426692, 'input_chunk_length': 32, 'learning_rate': 0.0008417626465764133, 'batch_size': 32}. Best is trial 1 with value: 0.06816989183425903.
GPU available: False, used: False
TPU available: False, using: 0 TPU cores
HPU available: False, using: 0 HPUs
SLURM auto-requeueing enabled. Setting signal handlers.
Monitored metric train_loss did not improve in the last 65 records. Best score: 0.044. Signaling Trainer to stop.
GPU available: False, used: False
TPU available: False, using: 0 TPU cores
HPU available: False, using: 0 HPUs
SLURM auto-requeueing enabled. Setting signal handlers.
[I 2024-10-23 14:26:17,746] Trial 6 finished with value: 0.3082883059978485 and parameters: {'hidden_dim': 137, 'n_layers': 1, 'dropout': 0.3545764733984284, 'input_chunk_length': 6, 'learning_rate': 0.00016038887916384757, 'batch_size': 64}. Best is trial 1 with value: 0.06816989183425903.
GPU available: False, used: False
TPU available: False, using: 0 TPU cores
HPU available: False, using: 0 HPUs
SLURM auto-requeueing enabled. Setting signal handlers.
Monitored metric train_loss did not improve in the last 66 records. Best score: 0.044. Signaling Trainer to stop.
GPU available: False, used: False
TPU available: False, using: 0 TPU cores
HPU available: False, using: 0 HPUs
SLURM auto-requeueing enabled. Setting signal handlers.
[I 2024-10-23 14:27:00,698] Trial 7 finished with value: 0.4909980893135071 and parameters: {'hidden_dim': 71, 'n_layers': 5, 'dropout': 0.0930588708515751, 'input_chunk_length': 29, 'learning_rate': 5.873916875424314e-06, 'batch_size': 32}. Best is trial 1 with value: 0.06816989183425903.
GPU available: False, used: False
TPU available: False, using: 0 TPU cores
HPU available: False, using: 0 HPUs
SLURM auto-requeueing enabled. Setting signal handlers.
Monitored metric train_loss did not improve in the last 67 records. Best score: 0.044. Signaling Trainer to stop.
GPU available: False, used: False
TPU available: False, using: 0 TPU cores
HPU available: False, using: 0 HPUs
SLURM auto-requeueing enabled. Setting signal handlers.
[I 2024-10-23 14:28:55,099] Trial 8 finished with value: 0.3011684715747833 and parameters: {'hidden_dim': 150, 'n_layers': 2, 'dropout': 0.1371416202748516, 'input_chunk_length': 75, 'learning_rate': 0.00014026472193328472, 'batch_size': 32}. Best is trial 1 with value: 0.06816989183425903.
GPU available: False, used: False
TPU available: False, using: 0 TPU cores
HPU available: False, using: 0 HPUs
SLURM auto-requeueing enabled. Setting signal handlers.
Monitored metric train_loss did not improve in the last 68 records. Best score: 0.044. Signaling Trainer to stop.
GPU available: False, used: False
TPU available: False, using: 0 TPU cores
HPU available: False, using: 0 HPUs
SLURM auto-requeueing enabled. Setting signal handlers.
[I 2024-10-23 14:29:35,540] Trial 9 finished with value: 0.3091983497142792 and parameters: {'hidden_dim': 55, 'n_layers': 6, 'dropout': 0.17418124068992158, 'input_chunk_length': 19, 'learning_rate': 0.00033203076652301474, 'batch_size': 32}. Best is trial 1 with value: 0.06816989183425903.
GPU available: False, used: False
TPU available: False, using: 0 TPU cores
HPU available: False, using: 0 HPUs
SLURM auto-requeueing enabled. Setting signal handlers.
Monitored metric train_loss did not improve in the last 69 records. Best score: 0.044. Signaling Trainer to stop.
GPU available: False, used: False
TPU available: False, using: 0 TPU cores
HPU available: False, using: 0 HPUs
SLURM auto-requeueing enabled. Setting signal handlers.
[I 2024-10-23 14:32:31,476] Trial 10 finished with value: 0.5417338013648987 and parameters: {'hidden_dim': 240, 'n_layers': 1, 'dropout': 0.2892532913273953, 'input_chunk_length': 99, 'learning_rate': 1.4056913992694968e-06, 'batch_size': 64}. Best is trial 1 with value: 0.06816989183425903.
GPU available: False, used: False
TPU available: False, using: 0 TPU cores
HPU available: False, using: 0 HPUs
SLURM auto-requeueing enabled. Setting signal handlers.
Monitored metric train_loss did not improve in the last 70 records. Best score: 0.044. Signaling Trainer to stop.
GPU available: False, used: False
TPU available: False, using: 0 TPU cores
HPU available: False, using: 0 HPUs
SLURM auto-requeueing enabled. Setting signal handlers.
[I 2024-10-23 14:34:15,682] Trial 11 finished with value: 0.2100624442100525 and parameters: {'hidden_dim': 192, 'n_layers': 3, 'dropout': 0.025635551164917524, 'input_chunk_length': 62, 'learning_rate': 0.0005909970395535473, 'batch_size': 64}. Best is trial 1 with value: 0.06816989183425903.
GPU available: False, used: False
TPU available: False, using: 0 TPU cores
HPU available: False, using: 0 HPUs
SLURM auto-requeueing enabled. Setting signal handlers.
Monitored metric train_loss did not improve in the last 71 records. Best score: 0.044. Signaling Trainer to stop.
GPU available: False, used: False
TPU available: False, using: 0 TPU cores
HPU available: False, using: 0 HPUs
SLURM auto-requeueing enabled. Setting signal handlers.
[I 2024-10-23 14:37:14,993] Trial 12 finished with value: 0.3122255206108093 and parameters: {'hidden_dim': 256, 'n_layers': 2, 'dropout': 0.25324487328300815, 'input_chunk_length': 88, 'learning_rate': 5.234977887293144e-05, 'batch_size': 64}. Best is trial 1 with value: 0.06816989183425903.
GPU available: False, used: False
TPU available: False, using: 0 TPU cores
HPU available: False, using: 0 HPUs
SLURM auto-requeueing enabled. Setting signal handlers.
Monitored metric train_loss did not improve in the last 72 records. Best score: 0.044. Signaling Trainer to stop.
GPU available: False, used: False
TPU available: False, using: 0 TPU cores
HPU available: False, using: 0 HPUs
SLURM auto-requeueing enabled. Setting signal handlers.
[I 2024-10-23 14:39:03,379] Trial 13 finished with value: 0.31407785415649414 and parameters: {'hidden_dim': 177, 'n_layers': 2, 'dropout': 0.005023958284048807, 'input_chunk_length': 68, 'learning_rate': 7.093869343025902e-05, 'batch_size': 64}. Best is trial 1 with value: 0.06816989183425903.
GPU available: False, used: False
TPU available: False, using: 0 TPU cores
HPU available: False, using: 0 HPUs
SLURM auto-requeueing enabled. Setting signal handlers.
Monitored metric train_loss did not improve in the last 73 records. Best score: 0.044. Signaling Trainer to stop.
GPU available: False, used: False
TPU available: False, using: 0 TPU cores
HPU available: False, using: 0 HPUs
SLURM auto-requeueing enabled. Setting signal handlers.
[I 2024-10-23 14:40:31,482] Trial 14 finished with value: 0.3144288957118988 and parameters: {'hidden_dim': 219, 'n_layers': 1, 'dropout': 0.07828086828314124, 'input_chunk_length': 45, 'learning_rate': 0.0009472609318513109, 'batch_size': 64}. Best is trial 1 with value: 0.06816989183425903.
GPU available: False, used: False
TPU available: False, using: 0 TPU cores
HPU available: False, using: 0 HPUs
SLURM auto-requeueing enabled. Setting signal handlers.
Monitored metric train_loss did not improve in the last 74 records. Best score: 0.044. Signaling Trainer to stop.
GPU available: False, used: False
TPU available: False, using: 0 TPU cores
HPU available: False, using: 0 HPUs
SLURM auto-requeueing enabled. Setting signal handlers.
[I 2024-10-23 14:41:24,543] Trial 15 finished with value: 0.31250903010368347 and parameters: {'hidden_dim': 104, 'n_layers': 4, 'dropout': 0.2001674017457271, 'input_chunk_length': 46, 'learning_rate': 0.0003153495649437002, 'batch_size': 64}. Best is trial 1 with value: 0.06816989183425903.
GPU available: False, used: False
TPU available: False, using: 0 TPU cores
HPU available: False, using: 0 HPUs
SLURM auto-requeueing enabled. Setting signal handlers.
Monitored metric train_loss did not improve in the last 75 records. Best score: 0.044. Signaling Trainer to stop.
GPU available: False, used: False
TPU available: False, using: 0 TPU cores
HPU available: False, using: 0 HPUs
SLURM auto-requeueing enabled. Setting signal handlers.
[I 2024-10-23 14:43:30,063] Trial 16 finished with value: 0.3039233088493347 and parameters: {'hidden_dim': 165, 'n_layers': 3, 'dropout': 0.07431454771212108, 'input_chunk_length': 91, 'learning_rate': 1.8852231727454562e-05, 'batch_size': 64}. Best is trial 1 with value: 0.06816989183425903.
GPU available: False, used: False
TPU available: False, using: 0 TPU cores
HPU available: False, using: 0 HPUs
SLURM auto-requeueing enabled. Setting signal handlers.
Monitored metric train_loss did not improve in the last 76 records. Best score: 0.044. Signaling Trainer to stop.
GPU available: False, used: False
TPU available: False, using: 0 TPU cores
HPU available: False, using: 0 HPUs
SLURM auto-requeueing enabled. Setting signal handlers.
[I 2024-10-23 14:45:40,459] Trial 17 finished with value: 0.3693063259124756 and parameters: {'hidden_dim': 222, 'n_layers': 2, 'dropout': 0.48586182049540433, 'input_chunk_length': 70, 'learning_rate': 0.00010944339568341125, 'batch_size': 64}. Best is trial 1 with value: 0.06816989183425903.
GPU available: False, used: False
TPU available: False, using: 0 TPU cores
HPU available: False, using: 0 HPUs
SLURM auto-requeueing enabled. Setting signal handlers.
Monitored metric train_loss did not improve in the last 77 records. Best score: 0.044. Signaling Trainer to stop.
GPU available: False, used: False
TPU available: False, using: 0 TPU cores
HPU available: False, using: 0 HPUs
SLURM auto-requeueing enabled. Setting signal handlers.
[I 2024-10-23 14:47:03,818] Trial 18 finished with value: 0.2975022792816162 and parameters: {'hidden_dim': 89, 'n_layers': 4, 'dropout': 0.32142996001191215, 'input_chunk_length': 83, 'learning_rate': 0.000401016705666053, 'batch_size': 32}. Best is trial 1 with value: 0.06816989183425903.
GPU available: False, used: False
TPU available: False, using: 0 TPU cores
HPU available: False, using: 0 HPUs
SLURM auto-requeueing enabled. Setting signal handlers.
Monitored metric train_loss did not improve in the last 78 records. Best score: 0.044. Signaling Trainer to stop.
GPU available: False, used: False
TPU available: False, using: 0 TPU cores
HPU available: False, using: 0 HPUs
SLURM auto-requeueing enabled. Setting signal handlers.
[I 2024-10-23 14:48:19,559] Trial 19 finished with value: 0.5793865323066711 and parameters: {'hidden_dim': 159, 'n_layers': 1, 'dropout': 0.20980233700338255, 'input_chunk_length': 53, 'learning_rate': 3.211339415638621e-06, 'batch_size': 64}. Best is trial 1 with value: 0.06816989183425903.
GPU available: False, used: False
TPU available: False, using: 0 TPU cores
HPU available: False, using: 0 HPUs
SLURM auto-requeueing enabled. Setting signal handlers.
Monitored metric train_loss did not improve in the last 79 records. Best score: 0.044. Signaling Trainer to stop.
GPU available: False, used: False
TPU available: False, using: 0 TPU cores
HPU available: False, using: 0 HPUs
SLURM auto-requeueing enabled. Setting signal handlers.
[I 2024-10-23 14:50:17,295] Trial 20 finished with value: 0.3462061285972595 and parameters: {'hidden_dim': 178, 'n_layers': 6, 'dropout': 0.050848778687649365, 'input_chunk_length': 63, 'learning_rate': 1.9318092873115872e-05, 'batch_size': 64}. Best is trial 1 with value: 0.06816989183425903.
GPU available: False, used: False
TPU available: False, using: 0 TPU cores
HPU available: False, using: 0 HPUs
SLURM auto-requeueing enabled. Setting signal handlers.
Monitored metric train_loss did not improve in the last 80 records. Best score: 0.044. Signaling Trainer to stop.
GPU available: False, used: False
TPU available: False, using: 0 TPU cores
HPU available: False, using: 0 HPUs
SLURM auto-requeueing enabled. Setting signal handlers.
[I 2024-10-23 14:52:07,133] Trial 21 finished with value: 0.2928541600704193 and parameters: {'hidden_dim': 202, 'n_layers': 3, 'dropout': 0.03467782045033037, 'input_chunk_length': 61, 'learning_rate': 0.0005706190587699225, 'batch_size': 64}. Best is trial 1 with value: 0.06816989183425903.
GPU available: False, used: False
TPU available: False, using: 0 TPU cores
HPU available: False, using: 0 HPUs
SLURM auto-requeueing enabled. Setting signal handlers.
Monitored metric train_loss did not improve in the last 81 records. Best score: 0.044. Signaling Trainer to stop.
GPU available: False, used: False
TPU available: False, using: 0 TPU cores
HPU available: False, using: 0 HPUs
SLURM auto-requeueing enabled. Setting signal handlers.
[I 2024-10-23 14:54:06,706] Trial 22 finished with value: 0.30547448992729187 and parameters: {'hidden_dim': 181, 'n_layers': 3, 'dropout': 0.13867629281068194, 'input_chunk_length': 75, 'learning_rate': 0.0005345722549344307, 'batch_size': 64}. Best is trial 1 with value: 0.06816989183425903.
GPU available: False, used: False
TPU available: False, using: 0 TPU cores
HPU available: False, using: 0 HPUs
SLURM auto-requeueing enabled. Setting signal handlers.
Monitored metric train_loss did not improve in the last 82 records. Best score: 0.044. Signaling Trainer to stop.
GPU available: False, used: False
TPU available: False, using: 0 TPU cores
HPU available: False, using: 0 HPUs
SLURM auto-requeueing enabled. Setting signal handlers.
[I 2024-10-23 14:56:55,195] Trial 23 finished with value: 0.21668829023838043 and parameters: {'hidden_dim': 215, 'n_layers': 2, 'dropout': 0.0009325820342405006, 'input_chunk_length': 94, 'learning_rate': 0.00023039448531357256, 'batch_size': 64}. Best is trial 1 with value: 0.06816989183425903.
GPU available: False, used: False
TPU available: False, using: 0 TPU cores
HPU available: False, using: 0 HPUs
SLURM auto-requeueing enabled. Setting signal handlers.
Monitored metric train_loss did not improve in the last 83 records. Best score: 0.044. Signaling Trainer to stop.
GPU available: False, used: False
TPU available: False, using: 0 TPU cores
HPU available: False, using: 0 HPUs
SLURM auto-requeueing enabled. Setting signal handlers.
[I 2024-10-23 14:57:58,974] Trial 24 finished with value: 0.2587488889694214 and parameters: {'hidden_dim': 142, 'n_layers': 3, 'dropout': 0.05395353555566741, 'input_chunk_length': 42, 'learning_rate': 0.0006053343804143487, 'batch_size': 64}. Best is trial 1 with value: 0.06816989183425903.
GPU available: False, used: False
TPU available: False, using: 0 TPU cores
HPU available: False, using: 0 HPUs
SLURM auto-requeueing enabled. Setting signal handlers.
Monitored metric train_loss did not improve in the last 84 records. Best score: 0.044. Signaling Trainer to stop.
GPU available: False, used: False
TPU available: False, using: 0 TPU cores
HPU available: False, using: 0 HPUs
SLURM auto-requeueing enabled. Setting signal handlers.
[I 2024-10-23 14:59:41,455] Trial 25 finished with value: 0.3600347638130188 and parameters: {'hidden_dim': 165, 'n_layers': 4, 'dropout': 0.12132495362763121, 'input_chunk_length': 65, 'learning_rate': 7.534153053957781e-05, 'batch_size': 64}. Best is trial 1 with value: 0.06816989183425903.
GPU available: False, used: False
TPU available: False, using: 0 TPU cores
HPU available: False, using: 0 HPUs
SLURM auto-requeueing enabled. Setting signal handlers.
Monitored metric train_loss did not improve in the last 85 records. Best score: 0.044. Signaling Trainer to stop.
GPU available: False, used: False
TPU available: False, using: 0 TPU cores
HPU available: False, using: 0 HPUs
SLURM auto-requeueing enabled. Setting signal handlers.
[I 2024-10-23 15:01:38,275] Trial 26 finished with value: 0.2920011579990387 and parameters: {'hidden_dim': 188, 'n_layers': 2, 'dropout': 0.047436687073481226, 'input_chunk_length': 75, 'learning_rate': 0.00026559609284370185, 'batch_size': 64}. Best is trial 1 with value: 0.06816989183425903.
GPU available: False, used: False
TPU available: False, using: 0 TPU cores
HPU available: False, using: 0 HPUs
SLURM auto-requeueing enabled. Setting signal handlers.
Monitored metric train_loss did not improve in the last 86 records. Best score: 0.044. Signaling Trainer to stop.
GPU available: False, used: False
TPU available: False, using: 0 TPU cores
HPU available: False, using: 0 HPUs
SLURM auto-requeueing enabled. Setting signal handlers.
[I 2024-10-23 15:04:04,024] Trial 27 finished with value: 0.3357580304145813 and parameters: {'hidden_dim': 208, 'n_layers': 3, 'dropout': 0.1605871841456987, 'input_chunk_length': 84, 'learning_rate': 0.0009693092583902029, 'batch_size': 32}. Best is trial 1 with value: 0.06816989183425903.
GPU available: False, used: False
TPU available: False, using: 0 TPU cores
HPU available: False, using: 0 HPUs
SLURM auto-requeueing enabled. Setting signal handlers.
Monitored metric train_loss did not improve in the last 87 records. Best score: 0.044. Signaling Trainer to stop.
GPU available: False, used: False
TPU available: False, using: 0 TPU cores
HPU available: False, using: 0 HPUs
SLURM auto-requeueing enabled. Setting signal handlers.
[I 2024-10-23 15:05:49,159] Trial 28 finished with value: 0.318244606256485 and parameters: {'hidden_dim': 239, 'n_layers': 1, 'dropout': 0.09040557753222772, 'input_chunk_length': 54, 'learning_rate': 0.00010523974473373253, 'batch_size': 64}. Best is trial 1 with value: 0.06816989183425903.
GPU available: False, used: False
TPU available: False, using: 0 TPU cores
HPU available: False, using: 0 HPUs
SLURM auto-requeueing enabled. Setting signal handlers.
Monitored metric train_loss did not improve in the last 88 records. Best score: 0.044. Signaling Trainer to stop.
GPU available: False, used: False
TPU available: False, using: 0 TPU cores
HPU available: False, using: 0 HPUs
SLURM auto-requeueing enabled. Setting signal handlers.
[I 2024-10-23 15:06:45,329] Trial 29 finished with value: 0.2991470694541931 and parameters: {'hidden_dim': 124, 'n_layers': 4, 'dropout': 0.4101022646661077, 'input_chunk_length': 37, 'learning_rate': 0.0001952063882443436, 'batch_size': 64}. Best is trial 1 with value: 0.06816989183425903.
GPU available: False, used: False
TPU available: False, using: 0 TPU cores
HPU available: False, using: 0 HPUs
SLURM auto-requeueing enabled. Setting signal handlers.
Monitored metric train_loss did not improve in the last 89 records. Best score: 0.044. Signaling Trainer to stop.
GPU available: False, used: False
TPU available: False, using: 0 TPU cores
HPU available: False, using: 0 HPUs
SLURM auto-requeueing enabled. Setting signal handlers.
[I 2024-10-23 15:09:34,580] Trial 30 finished with value: 0.27322274446487427 and parameters: {'hidden_dim': 233, 'n_layers': 5, 'dropout': 0.2383850023580135, 'input_chunk_length': 72, 'learning_rate': 0.00048406157813746004, 'batch_size': 64}. Best is trial 1 with value: 0.06816989183425903.
GPU available: False, used: False
TPU available: False, using: 0 TPU cores
HPU available: False, using: 0 HPUs
SLURM auto-requeueing enabled. Setting signal handlers.
Monitored metric train_loss did not improve in the last 90 records. Best score: 0.044. Signaling Trainer to stop.
GPU available: False, used: False
TPU available: False, using: 0 TPU cores
HPU available: False, using: 0 HPUs
SLURM auto-requeueing enabled. Setting signal handlers.
[I 2024-10-23 15:11:53,667] Trial 31 finished with value: 0.24719014763832092 and parameters: {'hidden_dim': 211, 'n_layers': 2, 'dropout': 0.0016742646474198764, 'input_chunk_length': 80, 'learning_rate': 0.0002409398618591114, 'batch_size': 64}. Best is trial 1 with value: 0.06816989183425903.
GPU available: False, used: False
TPU available: False, using: 0 TPU cores
HPU available: False, using: 0 HPUs
SLURM auto-requeueing enabled. Setting signal handlers.
Monitored metric train_loss did not improve in the last 91 records. Best score: 0.044. Signaling Trainer to stop.
GPU available: False, used: False
TPU available: False, using: 0 TPU cores
HPU available: False, using: 0 HPUs
SLURM auto-requeueing enabled. Setting signal handlers.
[I 2024-10-23 15:14:24,716] Trial 32 finished with value: 0.3057861924171448 and parameters: {'hidden_dim': 188, 'n_layers': 2, 'dropout': 0.019308378905322027, 'input_chunk_length': 98, 'learning_rate': 0.00020452134971975016, 'batch_size': 64}. Best is trial 1 with value: 0.06816989183425903.
GPU available: False, used: False
TPU available: False, using: 0 TPU cores
HPU available: False, using: 0 HPUs
SLURM auto-requeueing enabled. Setting signal handlers.
Monitored metric train_loss did not improve in the last 92 records. Best score: 0.044. Signaling Trainer to stop.
GPU available: False, used: False
TPU available: False, using: 0 TPU cores
HPU available: False, using: 0 HPUs
SLURM auto-requeueing enabled. Setting signal handlers.
[I 2024-10-23 15:16:50,026] Trial 33 finished with value: 0.2970367670059204 and parameters: {'hidden_dim': 195, 'n_layers': 2, 'dropout': 0.06286429835160005, 'input_chunk_length': 89, 'learning_rate': 0.0003887918093411666, 'batch_size': 64}. Best is trial 1 with value: 0.06816989183425903.
GPU available: False, used: False
TPU available: False, using: 0 TPU cores
HPU available: False, using: 0 HPUs
SLURM auto-requeueing enabled. Setting signal handlers.
Monitored metric train_loss did not improve in the last 93 records. Best score: 0.044. Signaling Trainer to stop.
GPU available: False, used: False
TPU available: False, using: 0 TPU cores
HPU available: False, using: 0 HPUs
SLURM auto-requeueing enabled. Setting signal handlers.
[I 2024-10-23 15:18:51,550] Trial 34 finished with value: 0.2918078601360321 and parameters: {'hidden_dim': 225, 'n_layers': 3, 'dropout': 0.030391047404510728, 'input_chunk_length': 59, 'learning_rate': 0.000693514024507782, 'batch_size': 64}. Best is trial 1 with value: 0.06816989183425903.
GPU available: False, used: False
TPU available: False, using: 0 TPU cores
HPU available: False, using: 0 HPUs
SLURM auto-requeueing enabled. Setting signal handlers.
Monitored metric train_loss did not improve in the last 94 records. Best score: 0.044. Signaling Trainer to stop.
GPU available: False, used: False
TPU available: False, using: 0 TPU cores
HPU available: False, using: 0 HPUs
SLURM auto-requeueing enabled. Setting signal handlers.
[I 2024-10-23 15:20:50,786] Trial 35 finished with value: 0.30842605233192444 and parameters: {'hidden_dim': 169, 'n_layers': 1, 'dropout': 0.10425990602778809, 'input_chunk_length': 95, 'learning_rate': 3.404132323346013e-05, 'batch_size': 64}. Best is trial 1 with value: 0.06816989183425903.
GPU available: False, used: False
TPU available: False, using: 0 TPU cores
HPU available: False, using: 0 HPUs
SLURM auto-requeueing enabled. Setting signal handlers.
Monitored metric train_loss did not improve in the last 95 records. Best score: 0.044. Signaling Trainer to stop.
GPU available: False, used: False
TPU available: False, using: 0 TPU cores
HPU available: False, using: 0 HPUs
SLURM auto-requeueing enabled. Setting signal handlers.
[I 2024-10-23 15:22:37,482] Trial 36 finished with value: 0.30325478315353394 and parameters: {'hidden_dim': 151, 'n_layers': 3, 'dropout': 0.030288513047347247, 'input_chunk_length': 79, 'learning_rate': 0.0001461789701408089, 'batch_size': 64}. Best is trial 1 with value: 0.06816989183425903.
GPU available: False, used: False
TPU available: False, using: 0 TPU cores
HPU available: False, using: 0 HPUs
SLURM auto-requeueing enabled. Setting signal handlers.
Monitored metric train_loss did not improve in the last 96 records. Best score: 0.044. Signaling Trainer to stop.
GPU available: False, used: False
TPU available: False, using: 0 TPU cores
HPU available: False, using: 0 HPUs
SLURM auto-requeueing enabled. Setting signal handlers.
[I 2024-10-23 15:24:55,800] Trial 37 finished with value: 0.20002137124538422 and parameters: {'hidden_dim': 198, 'n_layers': 1, 'dropout': 0.11610558003383356, 'input_chunk_length': 92, 'learning_rate': 0.00028766709646501796, 'batch_size': 32}. Best is trial 1 with value: 0.06816989183425903.
GPU available: False, used: False
TPU available: False, using: 0 TPU cores
HPU available: False, using: 0 HPUs
SLURM auto-requeueing enabled. Setting signal handlers.
Monitored metric train_loss did not improve in the last 97 records. Best score: 0.044. Signaling Trainer to stop.
GPU available: False, used: False
TPU available: False, using: 0 TPU cores
HPU available: False, using: 0 HPUs
SLURM auto-requeueing enabled. Setting signal handlers.
[I 2024-10-23 15:27:00,860] Trial 38 finished with value: 0.24991536140441895 and parameters: {'hidden_dim': 200, 'n_layers': 1, 'dropout': 0.12657122108752805, 'input_chunk_length': 85, 'learning_rate': 0.0007754038992450467, 'batch_size': 32}. Best is trial 1 with value: 0.06816989183425903.
GPU available: False, used: False
TPU available: False, using: 0 TPU cores
HPU available: False, using: 0 HPUs
SLURM auto-requeueing enabled. Setting signal handlers.
Monitored metric train_loss did not improve in the last 98 records. Best score: 0.044. Signaling Trainer to stop.
GPU available: False, used: False
TPU available: False, using: 0 TPU cores
HPU available: False, using: 0 HPUs
SLURM auto-requeueing enabled. Setting signal handlers.
[I 2024-10-23 15:27:48,390] Trial 39 finished with value: 0.2186586558818817 and parameters: {'hidden_dim': 131, 'n_layers': 5, 'dropout': 0.15389295165822703, 'input_chunk_length': 18, 'learning_rate': 0.00034984371125496494, 'batch_size': 32}. Best is trial 1 with value: 0.06816989183425903.
GPU available: False, used: False
TPU available: False, using: 0 TPU cores
HPU available: False, using: 0 HPUs
SLURM auto-requeueing enabled. Setting signal handlers.
Monitored metric train_loss did not improve in the last 99 records. Best score: 0.044. Signaling Trainer to stop.
GPU available: False, used: False
TPU available: False, using: 0 TPU cores
HPU available: False, using: 0 HPUs
SLURM auto-requeueing enabled. Setting signal handlers.
[I 2024-10-23 15:29:40,137] Trial 40 finished with value: 0.2528952956199646 and parameters: {'hidden_dim': 191, 'n_layers': 1, 'dropout': 0.18476366702375951, 'input_chunk_length': 67, 'learning_rate': 0.0001137091514392305, 'batch_size': 32}. Best is trial 1 with value: 0.06816989183425903.
GPU available: False, used: False
TPU available: False, using: 0 TPU cores
HPU available: False, using: 0 HPUs
SLURM auto-requeueing enabled. Setting signal handlers.
Monitored metric train_loss did not improve in the last 100 records. Best score: 0.044. Signaling Trainer to stop.
GPU available: False, used: False
TPU available: False, using: 0 TPU cores
HPU available: False, using: 0 HPUs
SLURM auto-requeueing enabled. Setting signal handlers.
[I 2024-10-23 15:32:20,148] Trial 41 finished with value: 0.2312246710062027 and parameters: {'hidden_dim': 211, 'n_layers': 2, 'dropout': 0.09892997805960399, 'input_chunk_length': 92, 'learning_rate': 0.00025869211242363093, 'batch_size': 32}. Best is trial 1 with value: 0.06816989183425903.
GPU available: False, used: False
TPU available: False, using: 0 TPU cores
HPU available: False, using: 0 HPUs
SLURM auto-requeueing enabled. Setting signal handlers.
Monitored metric train_loss did not improve in the last 101 records. Best score: 0.044. Signaling Trainer to stop.
GPU available: False, used: False
TPU available: False, using: 0 TPU cores
HPU available: False, using: 0 HPUs
SLURM auto-requeueing enabled. Setting signal handlers.
[I 2024-10-23 15:34:17,145] Trial 42 finished with value: 0.16183416545391083 and parameters: {'hidden_dim': 174, 'n_layers': 1, 'dropout': 0.005769140045855832, 'input_chunk_length': 79, 'learning_rate': 0.0004649722598543627, 'batch_size': 32}. Best is trial 1 with value: 0.06816989183425903.
GPU available: False, used: False
TPU available: False, using: 0 TPU cores
HPU available: False, using: 0 HPUs
SLURM auto-requeueing enabled. Setting signal handlers.
Monitored metric train_loss did not improve in the last 102 records. Best score: 0.044. Signaling Trainer to stop.
GPU available: False, used: False
TPU available: False, using: 0 TPU cores
HPU available: False, using: 0 HPUs
SLURM auto-requeueing enabled. Setting signal handlers.
[I 2024-10-23 15:36:13,637] Trial 43 finished with value: 0.1946704089641571 and parameters: {'hidden_dim': 171, 'n_layers': 1, 'dropout': 0.06459626281256697, 'input_chunk_length': 79, 'learning_rate': 0.00046100694293031426, 'batch_size': 32}. Best is trial 1 with value: 0.06816989183425903.
GPU available: False, used: False
TPU available: False, using: 0 TPU cores
HPU available: False, using: 0 HPUs
SLURM auto-requeueing enabled. Setting signal handlers.
Monitored metric train_loss did not improve in the last 103 records. Best score: 0.044. Signaling Trainer to stop.
GPU available: False, used: False
TPU available: False, using: 0 TPU cores
HPU available: False, using: 0 HPUs
SLURM auto-requeueing enabled. Setting signal handlers.
[I 2024-10-23 15:37:50,975] Trial 44 finished with value: 0.2052416056394577 and parameters: {'hidden_dim': 141, 'n_layers': 1, 'dropout': 0.07284522109642391, 'input_chunk_length': 76, 'learning_rate': 0.0004357155901131034, 'batch_size': 32}. Best is trial 1 with value: 0.06816989183425903.
GPU available: False, used: False
TPU available: False, using: 0 TPU cores
HPU available: False, using: 0 HPUs
SLURM auto-requeueing enabled. Setting signal handlers.
Monitored metric train_loss did not improve in the last 104 records. Best score: 0.044. Signaling Trainer to stop.
GPU available: False, used: False
TPU available: False, using: 0 TPU cores
HPU available: False, using: 0 HPUs
SLURM auto-requeueing enabled. Setting signal handlers.
[I 2024-10-23 15:39:42,813] Trial 45 finished with value: 0.23701287806034088 and parameters: {'hidden_dim': 156, 'n_layers': 1, 'dropout': 0.09685484700707281, 'input_chunk_length': 86, 'learning_rate': 0.00016448144308280185, 'batch_size': 32}. Best is trial 1 with value: 0.06816989183425903.
GPU available: False, used: False
TPU available: False, using: 0 TPU cores
HPU available: False, using: 0 HPUs
SLURM auto-requeueing enabled. Setting signal handlers.
Monitored metric train_loss did not improve in the last 105 records. Best score: 0.044. Signaling Trainer to stop.
ValueError: For the given forecasting case, the provided future covariates at dataset index `0` do not extend far enough into the past. The future covariates must start at time step `2022-03-23 00:00:00`, whereas now they start at time step `2022-03-24 00:00:00`.
Traceback (most recent call last):
  File "/pfs/data5/home/tu/tu_tu/tu_zxoul27/Prediction_of_energy_prices/predictions/TFT/TFT_model.py", line 143, in objective
    forecast_val = model.predict(
                   ^^^^^^^^^^^^^^
  File "/pfs/data5/home/tu/tu_tu/tu_zxoul27/micromamba/envs/power/lib/python3.12/site-packages/darts/utils/torch.py", line 103, in decorator
    return decorated(self, *args, **kwargs)
           ^^^^^^^^^^^^^^^^^^^^^^^^^^^^^^^^
  File "/pfs/data5/home/tu/tu_tu/tu_zxoul27/micromamba/envs/power/lib/python3.12/site-packages/darts/models/forecasting/torch_forecasting_model.py", line 1465, in predict
    predictions = self.predict_from_dataset(
                  ^^^^^^^^^^^^^^^^^^^^^^^^^^
  File "/pfs/data5/home/tu/tu_tu/tu_zxoul27/micromamba/envs/power/lib/python3.12/site-packages/darts/utils/torch.py", line 103, in decorator
    return decorated(self, *args, **kwargs)
           ^^^^^^^^^^^^^^^^^^^^^^^^^^^^^^^^
  File "/pfs/data5/home/tu/tu_tu/tu_zxoul27/micromamba/envs/power/lib/python3.12/site-packages/darts/models/forecasting/torch_forecasting_model.py", line 1559, in predict_from_dataset
    self._verify_predict_sample(input_series_dataset[0])
                                ~~~~~~~~~~~~~~~~~~~~^^^
  File "/pfs/data5/home/tu/tu_tu/tu_zxoul27/micromamba/envs/power/lib/python3.12/site-packages/darts/utils/data/inference_dataset.py", line 711, in __getitem__
    _, historic_future_covariate, future_covariate, _, _, _ = self.ds_future[idx]
                                                              ~~~~~~~~~~~~~~^^^^^
  File "/pfs/data5/home/tu/tu_tu/tu_zxoul27/micromamba/envs/power/lib/python3.12/site-packages/darts/utils/data/inference_dataset.py", line 599, in __getitem__
    ) = self.ds_past[idx]
        ~~~~~~~~~~~~^^^^^
  File "/pfs/data5/home/tu/tu_tu/tu_zxoul27/micromamba/envs/power/lib/python3.12/site-packages/darts/utils/data/inference_dataset.py", line 418, in __getitem__
    return self.ds[idx]
           ~~~~~~~^^^^^
  File "/pfs/data5/home/tu/tu_tu/tu_zxoul27/micromamba/envs/power/lib/python3.12/site-packages/darts/utils/data/inference_dataset.py", line 291, in __getitem__
    covariate_start, covariate_end = self._covariate_indexer(
                                     ^^^^^^^^^^^^^^^^^^^^^^^^
  File "/pfs/data5/home/tu/tu_tu/tu_zxoul27/micromamba/envs/power/lib/python3.12/site-packages/darts/utils/data/inference_dataset.py", line 98, in _covariate_indexer
    raise_log(
  File "/pfs/data5/home/tu/tu_tu/tu_zxoul27/micromamba/envs/power/lib/python3.12/site-packages/darts/logging.py", line 132, in raise_log
    raise exception
ValueError: For the given forecasting case, the provided future covariates at dataset index `0` do not extend far enough into the past. The future covariates must start at time step `2022-03-23 00:00:00`, whereas now they start at time step `2022-03-24 00:00:00`.
[I 2024-10-23 15:41:29,311] Trial 46 finished with value: inf and parameters: {'hidden_dim': 176, 'n_layers': 1, 'dropout': 0.13008884523452588, 'input_chunk_length': 100, 'learning_rate': 0.0007297180527763138, 'batch_size': 32}. Best is trial 1 with value: 0.06816989183425903.
[W 2024-10-23 15:41:29,413] Trial 47 failed with parameters: {'hidden_dim': 149, 'n_layers': 1, 'dropout': 0.07623279219516331, 'input_chunk_length': 80, 'learning_rate': 0.00029968394963161995, 'batch_size': 32} because of the following error: RuntimeError('Only Tensors created explicitly by the user (graph leaves) support the deepcopy protocol at the moment.  If you were attempting to deepcopy a module, this may be because of a torch.nn.utils.weight_norm usage, see https://github.com/pytorch/pytorch/pull/103001').
Traceback (most recent call last):
  File "/pfs/data5/home/tu/tu_tu/tu_zxoul27/micromamba/envs/power/lib/python3.12/site-packages/optuna/study/_optimize.py", line 197, in _run_trial
    value_or_values = func(trial)
                      ^^^^^^^^^^^
  File "/pfs/data5/home/tu/tu_tu/tu_zxoul27/Prediction_of_energy_prices/predictions/TFT/TFT_model.py", line 173, in <lambda>
    study.optimize(lambda trial: objective(trial, series_train_scaled, future_covariates_train_scaled,
                                 ^^^^^^^^^^^^^^^^^^^^^^^^^^^^^^^^^^^^^^^^^^^^^^^^^^^^^^^^^^^^^^^^^^^^^
  File "/pfs/data5/home/tu/tu_tu/tu_zxoul27/Prediction_of_energy_prices/predictions/TFT/TFT_model.py", line 116, in objective
    model = TFTModel(
            ^^^^^^^^^
  File "/pfs/data5/home/tu/tu_tu/tu_zxoul27/micromamba/envs/power/lib/python3.12/site-packages/darts/models/forecasting/forecasting_model.py", line 110, in __call__
    return super().__call__(**all_params)
           ^^^^^^^^^^^^^^^^^^^^^^^^^^^^^^
  File "/pfs/data5/home/tu/tu_tu/tu_zxoul27/micromamba/envs/power/lib/python3.12/site-packages/darts/models/forecasting/tft_model.py", line 944, in __init__
    super().__init__(**self._extract_torch_model_params(**model_kwargs))
  File "/pfs/data5/home/tu/tu_tu/tu_zxoul27/micromamba/envs/power/lib/python3.12/site-packages/darts/utils/torch.py", line 103, in decorator
    return decorated(self, *args, **kwargs)
           ^^^^^^^^^^^^^^^^^^^^^^^^^^^^^^^^
  File "/pfs/data5/home/tu/tu_tu/tu_zxoul27/micromamba/envs/power/lib/python3.12/site-packages/darts/models/forecasting/torch_forecasting_model.py", line 293, in __init__
    super().__init__(add_encoders=add_encoders)
  File "/pfs/data5/home/tu/tu_tu/tu_zxoul27/micromamba/envs/power/lib/python3.12/site-packages/darts/models/forecasting/forecasting_model.py", line 2651, in __init__
    super().__init__(add_encoders=add_encoders)
  File "/pfs/data5/home/tu/tu_tu/tu_zxoul27/micromamba/envs/power/lib/python3.12/site-packages/darts/models/forecasting/forecasting_model.py", line 138, in __init__
    self._model_params = self._extract_model_creation_params()
                         ^^^^^^^^^^^^^^^^^^^^^^^^^^^^^^^^^^^^^
  File "/pfs/data5/home/tu/tu_tu/tu_zxoul27/micromamba/envs/power/lib/python3.12/site-packages/darts/models/forecasting/forecasting_model.py", line 2363, in _extract_model_creation_params
    model_params = copy.deepcopy(self._model_call)
                   ^^^^^^^^^^^^^^^^^^^^^^^^^^^^^^^
  File "/pfs/data5/home/tu/tu_tu/tu_zxoul27/micromamba/envs/power/lib/python3.12/copy.py", line 162, in deepcopy
    y = _reconstruct(x, memo, *rv)
        ^^^^^^^^^^^^^^^^^^^^^^^^^^
  File "/pfs/data5/home/tu/tu_tu/tu_zxoul27/micromamba/envs/power/lib/python3.12/copy.py", line 285, in _reconstruct
    value = deepcopy(value, memo)
            ^^^^^^^^^^^^^^^^^^^^^
  File "/pfs/data5/home/tu/tu_tu/tu_zxoul27/micromamba/envs/power/lib/python3.12/copy.py", line 136, in deepcopy
    y = copier(x, memo)
        ^^^^^^^^^^^^^^^
  File "/pfs/data5/home/tu/tu_tu/tu_zxoul27/micromamba/envs/power/lib/python3.12/copy.py", line 221, in _deepcopy_dict
    y[deepcopy(key, memo)] = deepcopy(value, memo)
                             ^^^^^^^^^^^^^^^^^^^^^
  File "/pfs/data5/home/tu/tu_tu/tu_zxoul27/micromamba/envs/power/lib/python3.12/copy.py", line 136, in deepcopy
    y = copier(x, memo)
        ^^^^^^^^^^^^^^^
  File "/pfs/data5/home/tu/tu_tu/tu_zxoul27/micromamba/envs/power/lib/python3.12/copy.py", line 196, in _deepcopy_list
    append(deepcopy(a, memo))
           ^^^^^^^^^^^^^^^^^
  File "/pfs/data5/home/tu/tu_tu/tu_zxoul27/micromamba/envs/power/lib/python3.12/copy.py", line 162, in deepcopy
    y = _reconstruct(x, memo, *rv)
        ^^^^^^^^^^^^^^^^^^^^^^^^^^
  File "/pfs/data5/home/tu/tu_tu/tu_zxoul27/micromamba/envs/power/lib/python3.12/copy.py", line 259, in _reconstruct
    state = deepcopy(state, memo)
            ^^^^^^^^^^^^^^^^^^^^^
  File "/pfs/data5/home/tu/tu_tu/tu_zxoul27/micromamba/envs/power/lib/python3.12/copy.py", line 136, in deepcopy
    y = copier(x, memo)
        ^^^^^^^^^^^^^^^
  File "/pfs/data5/home/tu/tu_tu/tu_zxoul27/micromamba/envs/power/lib/python3.12/copy.py", line 221, in _deepcopy_dict
    y[deepcopy(key, memo)] = deepcopy(value, memo)
                             ^^^^^^^^^^^^^^^^^^^^^
  File "/pfs/data5/home/tu/tu_tu/tu_zxoul27/micromamba/envs/power/lib/python3.12/copy.py", line 136, in deepcopy
    y = copier(x, memo)
        ^^^^^^^^^^^^^^^
  File "/pfs/data5/home/tu/tu_tu/tu_zxoul27/micromamba/envs/power/lib/python3.12/copy.py", line 226, in _deepcopy_method
    return type(x)(x.__func__, deepcopy(x.__self__, memo))
                               ^^^^^^^^^^^^^^^^^^^^^^^^^^
  File "/pfs/data5/home/tu/tu_tu/tu_zxoul27/micromamba/envs/power/lib/python3.12/copy.py", line 162, in deepcopy
    y = _reconstruct(x, memo, *rv)
        ^^^^^^^^^^^^^^^^^^^^^^^^^^
  File "/pfs/data5/home/tu/tu_tu/tu_zxoul27/micromamba/envs/power/lib/python3.12/copy.py", line 259, in _reconstruct
    state = deepcopy(state, memo)
            ^^^^^^^^^^^^^^^^^^^^^
  File "/pfs/data5/home/tu/tu_tu/tu_zxoul27/micromamba/envs/power/lib/python3.12/copy.py", line 136, in deepcopy
    y = copier(x, memo)
        ^^^^^^^^^^^^^^^
  File "/pfs/data5/home/tu/tu_tu/tu_zxoul27/micromamba/envs/power/lib/python3.12/copy.py", line 221, in _deepcopy_dict
    y[deepcopy(key, memo)] = deepcopy(value, memo)
                             ^^^^^^^^^^^^^^^^^^^^^
  File "/pfs/data5/home/tu/tu_tu/tu_zxoul27/micromamba/envs/power/lib/python3.12/copy.py", line 143, in deepcopy
    y = copier(memo)
        ^^^^^^^^^^^^
  File "/pfs/data5/home/tu/tu_tu/tu_zxoul27/micromamba/envs/power/lib/python3.12/site-packages/torch/_tensor.py", line 87, in __deepcopy__
    raise RuntimeError(
RuntimeError: Only Tensors created explicitly by the user (graph leaves) support the deepcopy protocol at the moment.  If you were attempting to deepcopy a module, this may be because of a torch.nn.utils.weight_norm usage, see https://github.com/pytorch/pytorch/pull/103001
[W 2024-10-23 15:41:29,476] Trial 47 failed with value None.
Traceback (most recent call last):
  File "/pfs/data5/home/tu/tu_tu/tu_zxoul27/Prediction_of_energy_prices/predictions/TFT/TFT_model.py", line 231, in <module>
    best_params, study = run_optuna_optimization(
                         ^^^^^^^^^^^^^^^^^^^^^^^^
  File "/pfs/data5/home/tu/tu_tu/tu_zxoul27/Prediction_of_energy_prices/predictions/TFT/TFT_model.py", line 173, in run_optuna_optimization
    study.optimize(lambda trial: objective(trial, series_train_scaled, future_covariates_train_scaled,
  File "/pfs/data5/home/tu/tu_tu/tu_zxoul27/micromamba/envs/power/lib/python3.12/site-packages/optuna/study/study.py", line 475, in optimize
    _optimize(
  File "/pfs/data5/home/tu/tu_tu/tu_zxoul27/micromamba/envs/power/lib/python3.12/site-packages/optuna/study/_optimize.py", line 63, in _optimize
    _optimize_sequential(
  File "/pfs/data5/home/tu/tu_tu/tu_zxoul27/micromamba/envs/power/lib/python3.12/site-packages/optuna/study/_optimize.py", line 160, in _optimize_sequential
    frozen_trial = _run_trial(study, func, catch)
                   ^^^^^^^^^^^^^^^^^^^^^^^^^^^^^^
  File "/pfs/data5/home/tu/tu_tu/tu_zxoul27/micromamba/envs/power/lib/python3.12/site-packages/optuna/study/_optimize.py", line 248, in _run_trial
    raise func_err
  File "/pfs/data5/home/tu/tu_tu/tu_zxoul27/micromamba/envs/power/lib/python3.12/site-packages/optuna/study/_optimize.py", line 197, in _run_trial
    value_or_values = func(trial)
                      ^^^^^^^^^^^
  File "/pfs/data5/home/tu/tu_tu/tu_zxoul27/Prediction_of_energy_prices/predictions/TFT/TFT_model.py", line 173, in <lambda>
    study.optimize(lambda trial: objective(trial, series_train_scaled, future_covariates_train_scaled,
                                 ^^^^^^^^^^^^^^^^^^^^^^^^^^^^^^^^^^^^^^^^^^^^^^^^^^^^^^^^^^^^^^^^^^^^^
  File "/pfs/data5/home/tu/tu_tu/tu_zxoul27/Prediction_of_energy_prices/predictions/TFT/TFT_model.py", line 116, in objective
    model = TFTModel(
            ^^^^^^^^^
  File "/pfs/data5/home/tu/tu_tu/tu_zxoul27/micromamba/envs/power/lib/python3.12/site-packages/darts/models/forecasting/forecasting_model.py", line 110, in __call__
    return super().__call__(**all_params)
           ^^^^^^^^^^^^^^^^^^^^^^^^^^^^^^
  File "/pfs/data5/home/tu/tu_tu/tu_zxoul27/micromamba/envs/power/lib/python3.12/site-packages/darts/models/forecasting/tft_model.py", line 944, in __init__
    super().__init__(**self._extract_torch_model_params(**model_kwargs))
  File "/pfs/data5/home/tu/tu_tu/tu_zxoul27/micromamba/envs/power/lib/python3.12/site-packages/darts/utils/torch.py", line 103, in decorator
    return decorated(self, *args, **kwargs)
           ^^^^^^^^^^^^^^^^^^^^^^^^^^^^^^^^
  File "/pfs/data5/home/tu/tu_tu/tu_zxoul27/micromamba/envs/power/lib/python3.12/site-packages/darts/models/forecasting/torch_forecasting_model.py", line 293, in __init__
    super().__init__(add_encoders=add_encoders)
  File "/pfs/data5/home/tu/tu_tu/tu_zxoul27/micromamba/envs/power/lib/python3.12/site-packages/darts/models/forecasting/forecasting_model.py", line 2651, in __init__
    super().__init__(add_encoders=add_encoders)
  File "/pfs/data5/home/tu/tu_tu/tu_zxoul27/micromamba/envs/power/lib/python3.12/site-packages/darts/models/forecasting/forecasting_model.py", line 138, in __init__
    self._model_params = self._extract_model_creation_params()
                         ^^^^^^^^^^^^^^^^^^^^^^^^^^^^^^^^^^^^^
  File "/pfs/data5/home/tu/tu_tu/tu_zxoul27/micromamba/envs/power/lib/python3.12/site-packages/darts/models/forecasting/forecasting_model.py", line 2363, in _extract_model_creation_params
    model_params = copy.deepcopy(self._model_call)
                   ^^^^^^^^^^^^^^^^^^^^^^^^^^^^^^^
  File "/pfs/data5/home/tu/tu_tu/tu_zxoul27/micromamba/envs/power/lib/python3.12/copy.py", line 162, in deepcopy
    y = _reconstruct(x, memo, *rv)
        ^^^^^^^^^^^^^^^^^^^^^^^^^^
  File "/pfs/data5/home/tu/tu_tu/tu_zxoul27/micromamba/envs/power/lib/python3.12/copy.py", line 285, in _reconstruct
    value = deepcopy(value, memo)
            ^^^^^^^^^^^^^^^^^^^^^
  File "/pfs/data5/home/tu/tu_tu/tu_zxoul27/micromamba/envs/power/lib/python3.12/copy.py", line 136, in deepcopy
    y = copier(x, memo)
        ^^^^^^^^^^^^^^^
  File "/pfs/data5/home/tu/tu_tu/tu_zxoul27/micromamba/envs/power/lib/python3.12/copy.py", line 221, in _deepcopy_dict
    y[deepcopy(key, memo)] = deepcopy(value, memo)
                             ^^^^^^^^^^^^^^^^^^^^^
  File "/pfs/data5/home/tu/tu_tu/tu_zxoul27/micromamba/envs/power/lib/python3.12/copy.py", line 136, in deepcopy
    y = copier(x, memo)
        ^^^^^^^^^^^^^^^
  File "/pfs/data5/home/tu/tu_tu/tu_zxoul27/micromamba/envs/power/lib/python3.12/copy.py", line 196, in _deepcopy_list
    append(deepcopy(a, memo))
           ^^^^^^^^^^^^^^^^^
  File "/pfs/data5/home/tu/tu_tu/tu_zxoul27/micromamba/envs/power/lib/python3.12/copy.py", line 162, in deepcopy
    y = _reconstruct(x, memo, *rv)
        ^^^^^^^^^^^^^^^^^^^^^^^^^^
  File "/pfs/data5/home/tu/tu_tu/tu_zxoul27/micromamba/envs/power/lib/python3.12/copy.py", line 259, in _reconstruct
    state = deepcopy(state, memo)
            ^^^^^^^^^^^^^^^^^^^^^
  File "/pfs/data5/home/tu/tu_tu/tu_zxoul27/micromamba/envs/power/lib/python3.12/copy.py", line 136, in deepcopy
    y = copier(x, memo)
        ^^^^^^^^^^^^^^^
  File "/pfs/data5/home/tu/tu_tu/tu_zxoul27/micromamba/envs/power/lib/python3.12/copy.py", line 221, in _deepcopy_dict
    y[deepcopy(key, memo)] = deepcopy(value, memo)
                             ^^^^^^^^^^^^^^^^^^^^^
  File "/pfs/data5/home/tu/tu_tu/tu_zxoul27/micromamba/envs/power/lib/python3.12/copy.py", line 136, in deepcopy
    y = copier(x, memo)
        ^^^^^^^^^^^^^^^
  File "/pfs/data5/home/tu/tu_tu/tu_zxoul27/micromamba/envs/power/lib/python3.12/copy.py", line 226, in _deepcopy_method
    return type(x)(x.__func__, deepcopy(x.__self__, memo))
                               ^^^^^^^^^^^^^^^^^^^^^^^^^^
  File "/pfs/data5/home/tu/tu_tu/tu_zxoul27/micromamba/envs/power/lib/python3.12/copy.py", line 162, in deepcopy
    y = _reconstruct(x, memo, *rv)
        ^^^^^^^^^^^^^^^^^^^^^^^^^^
  File "/pfs/data5/home/tu/tu_tu/tu_zxoul27/micromamba/envs/power/lib/python3.12/copy.py", line 259, in _reconstruct
    state = deepcopy(state, memo)
            ^^^^^^^^^^^^^^^^^^^^^
  File "/pfs/data5/home/tu/tu_tu/tu_zxoul27/micromamba/envs/power/lib/python3.12/copy.py", line 136, in deepcopy
    y = copier(x, memo)
        ^^^^^^^^^^^^^^^
  File "/pfs/data5/home/tu/tu_tu/tu_zxoul27/micromamba/envs/power/lib/python3.12/copy.py", line 221, in _deepcopy_dict
    y[deepcopy(key, memo)] = deepcopy(value, memo)
                             ^^^^^^^^^^^^^^^^^^^^^
  File "/pfs/data5/home/tu/tu_tu/tu_zxoul27/micromamba/envs/power/lib/python3.12/copy.py", line 143, in deepcopy
    y = copier(memo)
        ^^^^^^^^^^^^
  File "/pfs/data5/home/tu/tu_tu/tu_zxoul27/micromamba/envs/power/lib/python3.12/site-packages/torch/_tensor.py", line 87, in __deepcopy__
    raise RuntimeError(
RuntimeError: Only Tensors created explicitly by the user (graph leaves) support the deepcopy protocol at the moment.  If you were attempting to deepcopy a module, this may be because of a torch.nn.utils.weight_norm usage, see https://github.com/pytorch/pytorch/pull/103001
srun: error: uc2n357: task 0: Exited with exit code 1
