GpuFreq=control_disabled
/pfs/data5/home/tu/tu_tu/tu_zxoul27/micromamba/envs/power/lib/python3.12/site-packages/darts/models/forecasting/torch_forecasting_model.py:1747: FutureWarning: You are using `torch.load` with `weights_only=False` (the current default value), which uses the default pickle module implicitly. It is possible to construct malicious pickle data which will execute arbitrary code during unpickling (See https://github.com/pytorch/pytorch/blob/main/SECURITY.md#untrusted-models for more details). In a future release, the default value for `weights_only` will be flipped to `True`. This limits the functions that could be executed during unpickling. Arbitrary objects will no longer be allowed to be loaded via this mode unless they are explicitly allowlisted by the user via `torch.serialization.add_safe_globals`. We recommend you start setting `weights_only=True` for any use case where you don't have full control of the loaded file. Please open an issue on GitHub for any issues related to this experimental feature.
  model: TorchForecastingModel = torch.load(
/pfs/data5/home/tu/tu_tu/tu_zxoul27/micromamba/envs/power/lib/python3.12/site-packages/torch/random.py:167: UserWarning: CUDA reports that you have 2 available devices, and you have used fork_rng without explicitly specifying which devices are being used. For safety, we initialize *every* CUDA device by default, which can be quite slow if you have a lot of CUDAs. If you know that you are only making use of a few CUDA devices, set the environment variable CUDA_VISIBLE_DEVICES or the 'devices' keyword argument of fork_rng with the set of devices you are actually using. For example, if you are using CPU only, set device.upper()_VISIBLE_DEVICES= or devices=[]; if you are using device 0 only, set CUDA_VISIBLE_DEVICES=0 or devices=[0].  To initialize all devices and suppress this warning, set the 'devices' keyword argument to `range(torch.cuda.device_count())`.
  warnings.warn(message)
GPU available: True (cuda), used: True
TPU available: False, using: 0 TPU cores
HPU available: False, using: 0 HPUs
Initializing distributed: GLOBAL_RANK: 0, MEMBER: 1/1
----------------------------------------------------------------------------------------------------
distributed_backend=nccl
All distributed processes registered. Starting with 1 processes
----------------------------------------------------------------------------------------------------

[rank0]: Traceback (most recent call last):
[rank0]:   File "/pfs/data5/home/tu/tu_tu/tu_zxoul27/Prediction_of_energy_prices/future_prediction/tft_final_sim.py", line 46, in <module>
[rank0]:     forecast = fine_tuned_model.predict(
[rank0]:                ^^^^^^^^^^^^^^^^^^^^^^^^^
[rank0]:   File "/pfs/data5/home/tu/tu_tu/tu_zxoul27/micromamba/envs/power/lib/python3.12/site-packages/darts/utils/torch.py", line 103, in decorator
[rank0]:     return decorated(self, *args, **kwargs)
[rank0]:            ^^^^^^^^^^^^^^^^^^^^^^^^^^^^^^^^
[rank0]:   File "/pfs/data5/home/tu/tu_tu/tu_zxoul27/micromamba/envs/power/lib/python3.12/site-packages/darts/models/forecasting/torch_forecasting_model.py", line 1465, in predict
[rank0]:     predictions = self.predict_from_dataset(
[rank0]:                   ^^^^^^^^^^^^^^^^^^^^^^^^^^
[rank0]:   File "/pfs/data5/home/tu/tu_tu/tu_zxoul27/micromamba/envs/power/lib/python3.12/site-packages/darts/utils/torch.py", line 103, in decorator
[rank0]:     return decorated(self, *args, **kwargs)
[rank0]:            ^^^^^^^^^^^^^^^^^^^^^^^^^^^^^^^^
[rank0]:   File "/pfs/data5/home/tu/tu_tu/tu_zxoul27/micromamba/envs/power/lib/python3.12/site-packages/darts/models/forecasting/torch_forecasting_model.py", line 1615, in predict_from_dataset
[rank0]:     predictions = self.trainer.predict(model=self.model, dataloaders=pred_loader)
[rank0]:                   ^^^^^^^^^^^^^^^^^^^^^^^^^^^^^^^^^^^^^^^^^^^^^^^^^^^^^^^^^^^^^^^
[rank0]:   File "/pfs/data5/home/tu/tu_tu/tu_zxoul27/micromamba/envs/power/lib/python3.12/site-packages/pytorch_lightning/trainer/trainer.py", line 858, in predict
[rank0]:     return call._call_and_handle_interrupt(
[rank0]:            ^^^^^^^^^^^^^^^^^^^^^^^^^^^^^^^^
[rank0]:   File "/pfs/data5/home/tu/tu_tu/tu_zxoul27/micromamba/envs/power/lib/python3.12/site-packages/pytorch_lightning/trainer/call.py", line 46, in _call_and_handle_interrupt
[rank0]:     return trainer.strategy.launcher.launch(trainer_fn, *args, trainer=trainer, **kwargs)
[rank0]:            ^^^^^^^^^^^^^^^^^^^^^^^^^^^^^^^^^^^^^^^^^^^^^^^^^^^^^^^^^^^^^^^^^^^^^^^^^^^^^^
[rank0]:   File "/pfs/data5/home/tu/tu_tu/tu_zxoul27/micromamba/envs/power/lib/python3.12/site-packages/pytorch_lightning/strategies/launchers/subprocess_script.py", line 105, in launch
[rank0]:     return function(*args, **kwargs)
[rank0]:            ^^^^^^^^^^^^^^^^^^^^^^^^^
[rank0]:   File "/pfs/data5/home/tu/tu_tu/tu_zxoul27/micromamba/envs/power/lib/python3.12/site-packages/pytorch_lightning/trainer/trainer.py", line 897, in _predict_impl
[rank0]:     results = self._run(model, ckpt_path=ckpt_path)
[rank0]:               ^^^^^^^^^^^^^^^^^^^^^^^^^^^^^^^^^^^^^
[rank0]:   File "/pfs/data5/home/tu/tu_tu/tu_zxoul27/micromamba/envs/power/lib/python3.12/site-packages/pytorch_lightning/trainer/trainer.py", line 943, in _run
[rank0]:     call._call_setup_hook(self)  # allow user to set up LightningModule in accelerator environment
[rank0]:     ^^^^^^^^^^^^^^^^^^^^^^^^^^^
[rank0]:   File "/pfs/data5/home/tu/tu_tu/tu_zxoul27/micromamba/envs/power/lib/python3.12/site-packages/pytorch_lightning/trainer/call.py", line 96, in _call_setup_hook
[rank0]:     if hasattr(logger, "experiment"):
[rank0]:        ^^^^^^^^^^^^^^^^^^^^^^^^^^^^^
[rank0]:   File "/pfs/data5/home/tu/tu_tu/tu_zxoul27/micromamba/envs/power/lib/python3.12/site-packages/lightning_fabric/loggers/logger.py", line 118, in experiment
[rank0]:     return fn(self)
[rank0]:            ^^^^^^^^
[rank0]:   File "/pfs/data5/home/tu/tu_tu/tu_zxoul27/micromamba/envs/power/lib/python3.12/site-packages/lightning_fabric/loggers/tensorboard.py", line 187, in experiment
[rank0]:     self._fs.makedirs(self.root_dir, exist_ok=True)
[rank0]:   File "/pfs/data5/home/tu/tu_tu/tu_zxoul27/micromamba/envs/power/lib/python3.12/site-packages/fsspec/implementations/local.py", line 52, in makedirs
[rank0]:     os.makedirs(path, exist_ok=exist_ok)
[rank0]:   File "<frozen os>", line 215, in makedirs
[rank0]:   File "<frozen os>", line 215, in makedirs
[rank0]:   File "<frozen os>", line 215, in makedirs
[rank0]:   File "<frozen os>", line 225, in makedirs
[rank0]: PermissionError: [Errno 13] Permission denied: '/scratch/slurm_tmpdir/job_24625496'
srun: error: uc2n520: task 0: Exited with exit code 1
