GpuFreq=control_disabled
/pfs/data5/home/tu/tu_tu/tu_zxoul27/Prediction_of_energy_prices/data_retrieval/future_data/Chronos/chronos_par.py:39: FutureWarning: You are using `torch.load` with `weights_only=False` (the current default value), which uses the default pickle module implicitly. It is possible to construct malicious pickle data which will execute arbitrary code during unpickling (See https://github.com/pytorch/pytorch/blob/main/SECURITY.md#untrusted-models for more details). In a future release, the default value for `weights_only` will be flipped to `True`. This limits the functions that could be executed during unpickling. Arbitrary objects will no longer be allowed to be loaded via this mode unless they are explicitly allowlisted by the user via `torch.serialization.add_safe_globals`. We recommend you start setting `weights_only=True` for any use case where you don't have full control of the loaded file. Please open an issue on GitHub for any issues related to this experimental feature.
  model.model.load_state_dict(torch.load(model_path, map_location=device))
Traceback (most recent call last):
  File "/pfs/data5/home/tu/tu_tu/tu_zxoul27/Prediction_of_energy_prices/data_retrieval/future_data/Chronos/chronos_par.py", line 206, in <module>
    run_forecast(context_size, chunk_size, df, device)
  File "/pfs/data5/home/tu/tu_tu/tu_zxoul27/Prediction_of_energy_prices/data_retrieval/future_data/Chronos/chronos_par.py", line 153, in run_forecast
    forecast = recursive_predict(
               ^^^^^^^^^^^^^^^^^^
  File "/pfs/data5/home/tu/tu_tu/tu_zxoul27/Prediction_of_energy_prices/data_retrieval/future_data/Chronos/chronos_par.py", line 68, in recursive_predict
    current_forecast = pipeline.predict(
                       ^^^^^^^^^^^^^^^^^
  File "/pfs/data5/home/tu/tu_tu/tu_zxoul27/micromamba/envs/power/lib/python3.12/site-packages/chronos/chronos.py", line 513, in predict
    token_ids, attention_mask, scale = self.tokenizer.context_input_transform(
                                       ^^^^^^^^^^^^^^^^^^^^^^^^^^^^^^^^^^^^^^^
  File "/pfs/data5/home/tu/tu_tu/tu_zxoul27/micromamba/envs/power/lib/python3.12/site-packages/chronos/chronos.py", line 217, in context_input_transform
    token_ids, attention_mask, scale = self._input_transform(context=context)
                                       ^^^^^^^^^^^^^^^^^^^^^^^^^^^^^^^^^^^^^^
  File "/pfs/data5/home/tu/tu_tu/tu_zxoul27/micromamba/envs/power/lib/python3.12/site-packages/chronos/chronos.py", line 182, in _input_transform
    torch.bucketize(
RuntimeError: Expected all tensors to be on the same device, but found at least two devices, cuda:0 and cpu! (when checking argument for argument boundaries in method wrapper_CUDA_Tensor_bucketize)
srun: error: uc2n518: task 0: Exited with exit code 1
